# JRE version: Java(TM) SE Runtime Environment (23.0.1+11) (build 23.0.1+11-39)
# Java VM: Java HotSpot(TM) 64-Bit Server VM (23.0.1+11-39, mixed mode, emulated-client, sharing, tiered, compressed oops, compressed class ptrs, g1 gc, windows-amd64)
GC Precious Log:
 CardTable entry size: 512
 Card Set container configuration: InlinePtr #cards 4 size 8 Array Of Cards #cards 32 size 80 Howl #buckets 8 coarsen threshold 7372 Howl Bitmap #cards 1024 size 144 coarsen threshold 921 Card regions per heap region 1 cards per card region 8192
 CPUs: 8 total, 8 available
 Memory: 20388M
 Large Page Support: Disabled
 NUMA Support: Disabled
 Compressed Oops: Enabled (Zero based)
 Heap Region Size: 4M
 Heap Min Capacity: 8M
 Heap Initial Capacity: 320M
 Heap Max Capacity: 5100M
 Pre-touch: Disabled
 Parallel Workers: 8
 Concurrent Workers: 2
 Concurrent Refinement Workers: 8
 Periodic GC: Disabled
Heap:
 garbage-first heap   total reserved 5222400K, committed 98304K, used 39379K [0x00000006c1400000, 0x0000000800000000)
  region size 4096K, 2 young (8192K), 1 survivors (4096K)
 Metaspace       used 80379K, committed 81536K, reserved 1179648K
  class space    used 11663K, committed 12096K, reserved 1048576K
GC Heap History (20 events):
Event: 2152.641 GC heap before
{Heap before GC invocations=29 (full 0):
 garbage-first heap   total reserved 5222400K, committed 98304K, used 74532K [0x00000006c1400000, 0x0000000800000000)
  region size 4096K, 10 young (40960K), 2 survivors (8192K)
 Metaspace       used 80664K, committed 81536K, reserved 1179648K
  class space    used 11739K, committed 12096K, reserved 1048576K
}
Event: 2152.644 GC heap after
{Heap after GC invocations=30 (full 0):
 garbage-first heap   total reserved 5222400K, committed 98304K, used 41870K [0x00000006c1400000, 0x0000000800000000)
  region size 4096K, 2 young (8192K), 2 survivors (8192K)
 Metaspace       used 80664K, committed 81536K, reserved 1179648K
  class space    used 11739K, committed 12096K, reserved 1048576K
}
Event: 2316.189 GC heap before
{Heap before GC invocations=30 (full 0):
 garbage-first heap   total reserved 5222400K, committed 98304K, used 74638K [0x00000006c1400000, 0x0000000800000000)
  region size 4096K, 10 young (40960K), 2 survivors (8192K)
 Metaspace       used 80664K, committed 81536K, reserved 1179648K
  class space    used 11739K, committed 12096K, reserved 1048576K
}
Event: 2316.196 GC heap after
{Heap after GC invocations=31 (full 0):
 garbage-first heap   total reserved 5222400K, committed 98304K, used 41586K [0x00000006c1400000, 0x0000000800000000)
  region size 4096K, 2 young (8192K), 2 survivors (8192K)
 Metaspace       used 80664K, committed 81536K, reserved 1179648K
  class space    used 11739K, committed 12096K, reserved 1048576K
}
Event: 2480.443 GC heap before
{Heap before GC invocations=31 (full 0):
 garbage-first heap   total reserved 5222400K, committed 98304K, used 74354K [0x00000006c1400000, 0x0000000800000000)
  region size 4096K, 10 young (40960K), 2 survivors (8192K)
 Metaspace       used 80664K, committed 81536K, reserved 1179648K
  class space    used 11739K, committed 12096K, reserved 1048576K
}
Event: 2480.445 GC heap after
{Heap after GC invocations=32 (full 0):
 garbage-first heap   total reserved 5222400K, committed 98304K, used 41683K [0x00000006c1400000, 0x0000000800000000)
  region size 4096K, 2 young (8192K), 2 survivors (8192K)
 Metaspace       used 80664K, committed 81536K, reserved 1179648K
  class space    used 11739K, committed 12096K, reserved 1048576K
}
Event: 2645.007 GC heap before
{Heap before GC invocations=32 (full 0):
 garbage-first heap   total reserved 5222400K, committed 98304K, used 74451K [0x00000006c1400000, 0x0000000800000000)
  region size 4096K, 10 young (40960K), 2 survivors (8192K)
 Metaspace       used 80664K, committed 81536K, reserved 1179648K
  class space    used 11739K, committed 12096K, reserved 1048576K
}
Event: 2645.010 GC heap after
{Heap after GC invocations=33 (full 0):
 garbage-first heap   total reserved 5222400K, committed 98304K, used 41683K [0x00000006c1400000, 0x0000000800000000)
  region size 4096K, 2 young (8192K), 2 survivors (8192K)
 Metaspace       used 80664K, committed 81536K, reserved 1179648K
  class space    used 11739K, committed 12096K, reserved 1048576K
}
Event: 2809.317 GC heap before
{Heap before GC invocations=33 (full 0):
 garbage-first heap   total reserved 5222400K, committed 98304K, used 74451K [0x00000006c1400000, 0x0000000800000000)
  region size 4096K, 10 young (40960K), 2 survivors (8192K)
 Metaspace       used 80664K, committed 81536K, reserved 1179648K
  class space    used 11739K, committed 12096K, reserved 1048576K
}
Event: 2809.324 GC heap after
{Heap after GC invocations=34 (full 0):
 garbage-first heap   total reserved 5222400K, committed 98304K, used 41812K [0x00000006c1400000, 0x0000000800000000)
  region size 4096K, 1 young (4096K), 1 survivors (4096K)
 Metaspace       used 80664K, committed 81536K, reserved 1179648K
  class space    used 11739K, committed 12096K, reserved 1048576K
}
Event: 2993.886 GC heap before
{Heap before GC invocations=34 (full 0):
 garbage-first heap   total reserved 5222400K, committed 98304K, used 78676K [0x00000006c1400000, 0x0000000800000000)
  region size 4096K, 10 young (40960K), 1 survivors (4096K)
 Metaspace       used 80664K, committed 81536K, reserved 1179648K
  class space    used 11739K, committed 12096K, reserved 1048576K
}
Event: 2993.889 GC heap after
{Heap after GC invocations=35 (full 0):
 garbage-first heap   total reserved 5222400K, committed 98304K, used 41700K [0x00000006c1400000, 0x0000000800000000)
  region size 4096K, 1 young (4096K), 1 survivors (4096K)
 Metaspace       used 80664K, committed 81536K, reserved 1179648K
  class space    used 11739K, committed 12096K, reserved 1048576K
}
Event: 3164.644 GC heap before
{Heap before GC invocations=36 (full 0):
 garbage-first heap   total reserved 5222400K, committed 98304K, used 78564K [0x00000006c1400000, 0x0000000800000000)
  region size 4096K, 10 young (40960K), 1 survivors (4096K)
 Metaspace       used 80225K, committed 81536K, reserved 1179648K
  class space    used 11615K, committed 12096K, reserved 1048576K
}
Event: 3164.648 GC heap after
{Heap after GC invocations=37 (full 0):
 garbage-first heap   total reserved 5222400K, committed 98304K, used 41924K [0x00000006c1400000, 0x0000000800000000)
  region size 4096K, 1 young (4096K), 1 survivors (4096K)
 Metaspace       used 80225K, committed 81536K, reserved 1179648K
  class space    used 11615K, committed 12096K, reserved 1048576K
}
Event: 3281.584 GC heap before
{Heap before GC invocations=37 (full 0):
 garbage-first heap   total reserved 5222400K, committed 98304K, used 78788K [0x00000006c1400000, 0x0000000800000000)
  region size 4096K, 10 young (40960K), 1 survivors (4096K)
 Metaspace       used 80239K, committed 81536K, reserved 1179648K
  class space    used 11619K, committed 12096K, reserved 1048576K
}
Event: 3281.596 GC heap after
{Heap after GC invocations=38 (full 0):
 garbage-first heap   total reserved 5222400K, committed 98304K, used 38499K [0x00000006c1400000, 0x0000000800000000)
  region size 4096K, 1 young (4096K), 1 survivors (4096K)
 Metaspace       used 80239K, committed 81536K, reserved 1179648K
  class space    used 11619K, committed 12096K, reserved 1048576K
}
Event: 3440.064 GC heap before
{Heap before GC invocations=38 (full 0):
 garbage-first heap   total reserved 5222400K, committed 98304K, used 75363K [0x00000006c1400000, 0x0000000800000000)
  region size 4096K, 11 young (45056K), 1 survivors (4096K)
 Metaspace       used 80351K, committed 81536K, reserved 1179648K
  class space    used 11654K, committed 12096K, reserved 1048576K
}
Event: 3440.066 GC heap after
{Heap after GC invocations=39 (full 0):
 garbage-first heap   total reserved 5222400K, committed 98304K, used 39327K [0x00000006c1400000, 0x0000000800000000)
  region size 4096K, 1 young (4096K), 1 survivors (4096K)
 Metaspace       used 80351K, committed 81536K, reserved 1179648K
  class space    used 11654K, committed 12096K, reserved 1048576K
}
Event: 3577.358 GC heap before
{Heap before GC invocations=39 (full 0):
 garbage-first heap   total reserved 5222400K, committed 98304K, used 76191K [0x00000006c1400000, 0x0000000800000000)
  region size 4096K, 11 young (45056K), 1 survivors (4096K)
 Metaspace       used 80379K, committed 81536K, reserved 1179648K
  class space    used 11663K, committed 12096K, reserved 1048576K
}
Event: 3577.360 GC heap after
{Heap after GC invocations=40 (full 0):
 garbage-first heap   total reserved 5222400K, committed 98304K, used 39379K [0x00000006c1400000, 0x0000000800000000)
  region size 4096K, 1 young (4096K), 1 survivors (4096K)
 Metaspace       used 80379K, committed 81536K, reserved 1179648K
  class space    used 11663K, committed 12096K, reserved 1048576K
}

