# JRE version: Java(TM) SE Runtime Environment (23.0.1+11) (build 23.0.1+11-39)
# Java VM: Java HotSpot(TM) 64-Bit Server VM (23.0.1+11-39, mixed mode, emulated-client, sharing, tiered, compressed oops, compressed class ptrs, g1 gc, windows-amd64)
GC Precious Log:
 CardTable entry size: 512
 Card Set container configuration: InlinePtr #cards 4 size 8 Array Of Cards #cards 32 size 80 Howl #buckets 8 coarsen threshold 7372 Howl Bitmap #cards 1024 size 144 coarsen threshold 921 Card regions per heap region 1 cards per card region 8192
 CPUs: 8 total, 8 available
 Memory: 20388M
 Large Page Support: Disabled
 NUMA Support: Disabled
 Compressed Oops: Enabled (Zero based)
 Heap Region Size: 4M
 Heap Min Capacity: 8M
 Heap Initial Capacity: 320M
 Heap Max Capacity: 5100M
 Pre-touch: Disabled
 Parallel Workers: 8
 Concurrent Workers: 2
 Concurrent Refinement Workers: 8
 Periodic GC: Disabled
Heap:
 garbage-first heap   total reserved 5222400K, committed 98304K, used 41798K [0x00000006c1400000, 0x0000000800000000)
  region size 4096K, 2 young (8192K), 1 survivors (4096K)
 Metaspace       used 81551K, committed 82496K, reserved 1179648K
  class space    used 11874K, committed 12288K, reserved 1048576K
GC Heap History (20 events):
Event: 8635.872 GC heap before
{Heap before GC invocations=56 (full 0):
 garbage-first heap   total reserved 5222400K, committed 98304K, used 81762K [0x00000006c1400000, 0x0000000800000000)
  region size 4096K, 11 young (45056K), 1 survivors (4096K)
 Metaspace       used 78709K, committed 79616K, reserved 1179648K
  class space    used 11459K, committed 11840K, reserved 1048576K
}
Event: 8635.877 GC heap after
{Heap after GC invocations=57 (full 0):
 garbage-first heap   total reserved 5222400K, committed 98304K, used 40814K [0x00000006c1400000, 0x0000000800000000)
  region size 4096K, 1 young (4096K), 1 survivors (4096K)
 Metaspace       used 78709K, committed 79616K, reserved 1179648K
  class space    used 11459K, committed 11840K, reserved 1048576K
}
Event: 8851.283 GC heap before
{Heap before GC invocations=57 (full 0):
 garbage-first heap   total reserved 5222400K, committed 98304K, used 81774K [0x00000006c1400000, 0x0000000800000000)
  region size 4096K, 11 young (45056K), 1 survivors (4096K)
 Metaspace       used 78709K, committed 79616K, reserved 1179648K
  class space    used 11459K, committed 11840K, reserved 1048576K
}
Event: 8851.287 GC heap after
{Heap after GC invocations=58 (full 0):
 garbage-first heap   total reserved 5222400K, committed 98304K, used 40847K [0x00000006c1400000, 0x0000000800000000)
  region size 4096K, 1 young (4096K), 1 survivors (4096K)
 Metaspace       used 78709K, committed 79616K, reserved 1179648K
  class space    used 11459K, committed 11840K, reserved 1048576K
}
Event: 9052.842 GC heap before
{Heap before GC invocations=58 (full 0):
 garbage-first heap   total reserved 5222400K, committed 98304K, used 81807K [0x00000006c1400000, 0x0000000800000000)
  region size 4096K, 11 young (45056K), 1 survivors (4096K)
 Metaspace       used 78709K, committed 79616K, reserved 1179648K
  class space    used 11459K, committed 11840K, reserved 1048576K
}
Event: 9052.843 GC heap after
{Heap after GC invocations=59 (full 0):
 garbage-first heap   total reserved 5222400K, committed 98304K, used 41073K [0x00000006c1400000, 0x0000000800000000)
  region size 4096K, 1 young (4096K), 1 survivors (4096K)
 Metaspace       used 78709K, committed 79616K, reserved 1179648K
  class space    used 11459K, committed 11840K, reserved 1048576K
}
Event: 9273.601 GC heap before
{Heap before GC invocations=59 (full 0):
 garbage-first heap   total reserved 5222400K, committed 98304K, used 82033K [0x00000006c1400000, 0x0000000800000000)
  region size 4096K, 11 young (45056K), 1 survivors (4096K)
 Metaspace       used 78709K, committed 79616K, reserved 1179648K
  class space    used 11459K, committed 11840K, reserved 1048576K
}
Event: 9273.605 GC heap after
{Heap after GC invocations=60 (full 0):
 garbage-first heap   total reserved 5222400K, committed 98304K, used 40805K [0x00000006c1400000, 0x0000000800000000)
  region size 4096K, 1 young (4096K), 1 survivors (4096K)
 Metaspace       used 78709K, committed 79616K, reserved 1179648K
  class space    used 11459K, committed 11840K, reserved 1048576K
}
Event: 9487.025 GC heap before
{Heap before GC invocations=60 (full 0):
 garbage-first heap   total reserved 5222400K, committed 98304K, used 81765K [0x00000006c1400000, 0x0000000800000000)
  region size 4096K, 11 young (45056K), 1 survivors (4096K)
 Metaspace       used 78709K, committed 79616K, reserved 1179648K
  class space    used 11459K, committed 11840K, reserved 1048576K
}
Event: 9487.026 GC heap after
{Heap after GC invocations=61 (full 0):
 garbage-first heap   total reserved 5222400K, committed 98304K, used 40859K [0x00000006c1400000, 0x0000000800000000)
  region size 4096K, 1 young (4096K), 1 survivors (4096K)
 Metaspace       used 78709K, committed 79616K, reserved 1179648K
  class space    used 11459K, committed 11840K, reserved 1048576K
}
Event: 9695.337 GC heap before
{Heap before GC invocations=61 (full 0):
 garbage-first heap   total reserved 5222400K, committed 98304K, used 81819K [0x00000006c1400000, 0x0000000800000000)
  region size 4096K, 11 young (45056K), 1 survivors (4096K)
 Metaspace       used 78709K, committed 79616K, reserved 1179648K
  class space    used 11459K, committed 11840K, reserved 1048576K
}
Event: 9695.339 GC heap after
{Heap after GC invocations=62 (full 0):
 garbage-first heap   total reserved 5222400K, committed 98304K, used 40799K [0x00000006c1400000, 0x0000000800000000)
  region size 4096K, 1 young (4096K), 1 survivors (4096K)
 Metaspace       used 78709K, committed 79616K, reserved 1179648K
  class space    used 11459K, committed 11840K, reserved 1048576K
}
Event: 9917.289 GC heap before
{Heap before GC invocations=62 (full 0):
 garbage-first heap   total reserved 5222400K, committed 98304K, used 81759K [0x00000006c1400000, 0x0000000800000000)
  region size 4096K, 11 young (45056K), 1 survivors (4096K)
 Metaspace       used 78709K, committed 79616K, reserved 1179648K
  class space    used 11459K, committed 11840K, reserved 1048576K
}
Event: 9917.290 GC heap after
{Heap after GC invocations=63 (full 0):
 garbage-first heap   total reserved 5222400K, committed 98304K, used 40859K [0x00000006c1400000, 0x0000000800000000)
  region size 4096K, 1 young (4096K), 1 survivors (4096K)
 Metaspace       used 78709K, committed 79616K, reserved 1179648K
  class space    used 11459K, committed 11840K, reserved 1048576K
}
Event: 10139.590 GC heap before
{Heap before GC invocations=63 (full 0):
 garbage-first heap   total reserved 5222400K, committed 98304K, used 81819K [0x00000006c1400000, 0x0000000800000000)
  region size 4096K, 11 young (45056K), 1 survivors (4096K)
 Metaspace       used 78709K, committed 79616K, reserved 1179648K
  class space    used 11459K, committed 11840K, reserved 1048576K
}
Event: 10139.591 GC heap after
{Heap after GC invocations=64 (full 0):
 garbage-first heap   total reserved 5222400K, committed 98304K, used 40796K [0x00000006c1400000, 0x0000000800000000)
  region size 4096K, 1 young (4096K), 1 survivors (4096K)
 Metaspace       used 78709K, committed 79616K, reserved 1179648K
  class space    used 11459K, committed 11840K, reserved 1048576K
}
Event: 10301.802 GC heap before
{Heap before GC invocations=64 (full 0):
 garbage-first heap   total reserved 5222400K, committed 98304K, used 77660K [0x00000006c1400000, 0x0000000800000000)
  region size 4096K, 11 young (45056K), 1 survivors (4096K)
 Metaspace       used 80654K, committed 81536K, reserved 1179648K
  class space    used 11743K, committed 12096K, reserved 1048576K
}
Event: 10301.804 GC heap after
{Heap after GC invocations=65 (full 0):
 garbage-first heap   total reserved 5222400K, committed 98304K, used 41443K [0x00000006c1400000, 0x0000000800000000)
  region size 4096K, 1 young (4096K), 1 survivors (4096K)
 Metaspace       used 80654K, committed 81536K, reserved 1179648K
  class space    used 11743K, committed 12096K, reserved 1048576K
}
Event: 10331.793 GC heap before
{Heap before GC invocations=65 (full 0):
 garbage-first heap   total reserved 5222400K, committed 98304K, used 49635K [0x00000006c1400000, 0x0000000800000000)
  region size 4096K, 4 young (16384K), 1 survivors (4096K)
 Metaspace       used 81383K, committed 82304K, reserved 1179648K
  class space    used 11841K, committed 12224K, reserved 1048576K
}
Event: 10331.796 GC heap after
{Heap after GC invocations=66 (full 0):
 garbage-first heap   total reserved 5222400K, committed 98304K, used 41798K [0x00000006c1400000, 0x0000000800000000)
  region size 4096K, 1 young (4096K), 1 survivors (4096K)
 Metaspace       used 81383K, committed 82304K, reserved 1179648K
  class space    used 11841K, committed 12224K, reserved 1048576K
}

